# JRE version: Java(TM) SE Runtime Environment (8.0_171-b11) (build 1.8.0_171-b11)
# Java VM: Java HotSpot(TM) 64-Bit Server VM (25.171-b11 mixed mode linux-amd64 compressed oops)
Heap:
 PSYoungGen      total 210432K, used 39983K [0x00000000d7300000, 0x00000000e9780000, 0x0000000100000000)
  eden space 195072K, 20% used [0x00000000d7300000,0x00000000d9a0bd20,0x00000000e3180000)
  from space 15360K, 0% used [0x00000000e3180000,0x00000000e3180000,0x00000000e4080000)
  to   space 16896K, 0% used [0x00000000e8700000,0x00000000e8700000,0x00000000e9780000)
 ParOldGen       total 95232K, used 20582K [0x0000000085800000, 0x000000008b500000, 0x00000000d7300000)
  object space 95232K, 21% used [0x0000000085800000,0x0000000086c19ab0,0x000000008b500000)
 Metaspace       used 37947K, capacity 38330K, committed 38656K, reserved 1083392K
  class space    used 4878K, capacity 5000K, committed 5120K, reserved 1048576K
GC Heap History (10 events):
Event: 2,653 GC heap before
{Heap before GC invocations=7 (full 1):
 PSYoungGen      total 136192K, used 6309K [0x00000000d7300000, 0x00000000e0200000, 0x0000000100000000)
  eden space 126976K, 0% used [0x00000000d7300000,0x00000000d7300000,0x00000000def00000)
  from space 9216K, 68% used [0x00000000df900000,0x00000000dff29520,0x00000000e0200000)
  to   space 9728K, 0% used [0x00000000def00000,0x00000000def00000,0x00000000df880000)
 ParOldGen       total 84992K, used 7611K [0x0000000085800000, 0x000000008ab00000, 0x00000000d7300000)
  object space 84992K, 8% used [0x0000000085800000,0x0000000085f6ef20,0x000000008ab00000)
 Metaspace       used 20840K, capacity 21108K, committed 21248K, reserved 1067008K
  class space    used 2653K, capacity 2751K, committed 2816K, reserved 1048576K
Event: 2,703 GC heap after
Heap after GC invocations=7 (full 1):
 PSYoungGen      total 136192K, used 0K [0x00000000d7300000, 0x00000000e0200000, 0x0000000100000000)
  eden space 126976K, 0% used [0x00000000d7300000,0x00000000d7300000,0x00000000def00000)
  from space 9216K, 0% used [0x00000000df900000,0x00000000df900000,0x00000000e0200000)
  to   space 9728K, 0% used [0x00000000def00000,0x00000000def00000,0x00000000df880000)
 ParOldGen       total 59392K, used 10244K [0x0000000085800000, 0x0000000089200000, 0x00000000d7300000)
  object space 59392K, 17% used [0x0000000085800000,0x0000000086201380,0x0000000089200000)
 Metaspace       used 20840K, capacity 21108K, committed 21248K, reserved 1067008K
  class space    used 2653K, capacity 2751K, committed 2816K, reserved 1048576K
}
Event: 3,597 GC heap before
{Heap before GC invocations=8 (full 1):
 PSYoungGen      total 136192K, used 126976K [0x00000000d7300000, 0x00000000e0200000, 0x0000000100000000)
  eden space 126976K, 100% used [0x00000000d7300000,0x00000000def00000,0x00000000def00000)
  from space 9216K, 0% used [0x00000000df900000,0x00000000df900000,0x00000000e0200000)
  to   space 9728K, 0% used [0x00000000def00000,0x00000000def00000,0x00000000df880000)
 ParOldGen       total 59392K, used 10244K [0x0000000085800000, 0x0000000089200000, 0x00000000d7300000)
  object space 59392K, 17% used [0x0000000085800000,0x0000000086201380,0x0000000089200000)
 Metaspace       used 25496K, capacity 25888K, committed 26240K, reserved 1073152K
  class space    used 3253K, capacity 3371K, committed 3456K, reserved 1048576K
Event: 3,607 GC heap after
Heap after GC invocations=8 (full 1):
 PSYoungGen      total 136704K, used 9726K [0x00000000d7300000, 0x00000000e4c00000, 0x0000000100000000)
  eden space 126976K, 0% used [0x00000000d7300000,0x00000000d7300000,0x00000000def00000)
  from space 9728K, 99% used [0x00000000def00000,0x00000000df87fb10,0x00000000df880000)
  to   space 11776K, 0% used [0x00000000e4080000,0x00000000e4080000,0x00000000e4c00000)
 ParOldGen       total 59392K, used 11736K [0x0000000085800000, 0x0000000089200000, 0x00000000d7300000)
  object space 59392K, 19% used [0x0000000085800000,0x0000000086376158,0x0000000089200000)
 Metaspace       used 25496K, capacity 25888K, committed 26240K, reserved 1073152K
  class space    used 3253K, capacity 3371K, committed 3456K, reserved 1048576K
}
Event: 4,675 GC heap before
{Heap before GC invocations=9 (full 1):
 PSYoungGen      total 136704K, used 136702K [0x00000000d7300000, 0x00000000e4c00000, 0x0000000100000000)
  eden space 126976K, 100% used [0x00000000d7300000,0x00000000def00000,0x00000000def00000)
  from space 9728K, 99% used [0x00000000def00000,0x00000000df87fb10,0x00000000df880000)
  to   space 11776K, 0% used [0x00000000e4080000,0x00000000e4080000,0x00000000e4c00000)
 ParOldGen       total 59392K, used 11736K [0x0000000085800000, 0x0000000089200000, 0x00000000d7300000)
  object space 59392K, 19% used [0x0000000085800000,0x0000000086376158,0x0000000089200000)
 Metaspace       used 32153K, capacity 32618K, committed 33024K, reserved 1077248K
  class space    used 4118K, capacity 4226K, committed 4352K, reserved 1048576K
Event: 4,693 GC heap after
Heap after GC invocations=9 (full 1):
 PSYoungGen      total 206848K, used 11747K [0x00000000d7300000, 0x00000000e5080000, 0x0000000100000000)
  eden space 195072K, 0% used [0x00000000d7300000,0x00000000d7300000,0x00000000e3180000)
  from space 11776K, 99% used [0x00000000e4080000,0x00000000e4bf8ea0,0x00000000e4c00000)
  to   space 15360K, 0% used [0x00000000e3180000,0x00000000e3180000,0x00000000e4080000)
 ParOldGen       total 59392K, used 16963K [0x0000000085800000, 0x0000000089200000, 0x00000000d7300000)
  object space 59392K, 28% used [0x0000000085800000,0x0000000086890cc8,0x0000000089200000)
 Metaspace       used 32153K, capacity 32618K, committed 33024K, reserved 1077248K
  class space    used 4118K, capacity 4226K, committed 4352K, reserved 1048576K
}
Event: 4,954 GC heap before
{Heap before GC invocations=10 (full 1):
 PSYoungGen      total 206848K, used 34391K [0x00000000d7300000, 0x00000000e5080000, 0x0000000100000000)
  eden space 195072K, 11% used [0x00000000d7300000,0x00000000d891d028,0x00000000e3180000)
  from space 11776K, 99% used [0x00000000e4080000,0x00000000e4bf8ea0,0x00000000e4c00000)
  to   space 15360K, 0% used [0x00000000e3180000,0x00000000e3180000,0x00000000e4080000)
 ParOldGen       total 59392K, used 16963K [0x0000000085800000, 0x0000000089200000, 0x00000000d7300000)
  object space 59392K, 28% used [0x0000000085800000,0x0000000086890cc8,0x0000000089200000)
 Metaspace       used 34767K, capacity 35178K, committed 35416K, reserved 1081344K
  class space    used 4436K, capacity 4546K, committed 4608K, reserved 1048576K
Event: 4,967 GC heap after
Heap after GC invocations=10 (full 1):
 PSYoungGen      total 210432K, used 14274K [0x00000000d7300000, 0x00000000e9780000, 0x0000000100000000)
  eden space 195072K, 0% used [0x00000000d7300000,0x00000000d7300000,0x00000000e3180000)
  from space 15360K, 92% used [0x00000000e3180000,0x00000000e3f70be8,0x00000000e4080000)
  to   space 16896K, 0% used [0x00000000e8700000,0x00000000e8700000,0x00000000e9780000)
 ParOldGen       total 59392K, used 16979K [0x0000000085800000, 0x0000000089200000, 0x00000000d7300000)
  object space 59392K, 28% used [0x0000000085800000,0x0000000086894cd8,0x0000000089200000)
 Metaspace       used 34767K, capacity 35178K, committed 35416K, reserved 1081344K
  class space    used 4436K, capacity 4546K, committed 4608K, reserved 1048576K
}
Event: 4,967 GC heap before
{Heap before GC invocations=11 (full 2):
 PSYoungGen      total 210432K, used 14274K [0x00000000d7300000, 0x00000000e9780000, 0x0000000100000000)
  eden space 195072K, 0% used [0x00000000d7300000,0x00000000d7300000,0x00000000e3180000)
  from space 15360K, 92% used [0x00000000e3180000,0x00000000e3f70be8,0x00000000e4080000)
  to   space 16896K, 0% used [0x00000000e8700000,0x00000000e8700000,0x00000000e9780000)
 ParOldGen       total 59392K, used 16979K [0x0000000085800000, 0x0000000089200000, 0x00000000d7300000)
  object space 59392K, 28% used [0x0000000085800000,0x0000000086894cd8,0x0000000089200000)
 Metaspace       used 34767K, capacity 35178K, committed 35416K, reserved 1081344K
  class space    used 4436K, capacity 4546K, committed 4608K, reserved 1048576K
Event: 5,079 GC heap after
Heap after GC invocations=11 (full 2):
 PSYoungGen      total 210432K, used 0K [0x00000000d7300000, 0x00000000e9780000, 0x0000000100000000)
  eden space 195072K, 0% used [0x00000000d7300000,0x00000000d7300000,0x00000000e3180000)
  from space 15360K, 0% used [0x00000000e3180000,0x00000000e3180000,0x00000000e4080000)
  to   space 16896K, 0% used [0x00000000e8700000,0x00000000e8700000,0x00000000e9780000)
 ParOldGen       total 95232K, used 20582K [0x0000000085800000, 0x000000008b500000, 0x00000000d7300000)
  object space 95232K, 21% used [0x0000000085800000,0x0000000086c19ab0,0x000000008b500000)
 Metaspace       used 34767K, capacity 35178K, committed 35416K, reserved 1081344K
  class space    used 4436K, capacity 4546K, committed 4608K, reserved 1048576K
}

